# JRE version: OpenJDK Runtime Environment (8.0_181-b13) (build 1.8.0_181-8u181-b13-0ubuntu0.16.04.1-b13)
# Java VM: OpenJDK 64-Bit Server VM (25.181-b13 mixed mode linux-amd64 compressed oops)
Heap:
 def new generation   total 139840K, used 136780K [0x00000000c0000000, 0x00000000c97b0000, 0x00000000d5550000)
  eden space 124352K,  99% used [0x00000000c0000000, 0x00000000c7900a78, 0x00000000c7970000)
  from space 15488K,  83% used [0x00000000c8890000, 0x00000000c95227c8, 0x00000000c97b0000)
  to   space 15488K,  62% used [0x00000000c7970000, 0x00000000c82f3630, 0x00000000c8890000)
 tenured generation   total 347368K, used 345487K [0x00000000d5550000, 0x00000000ea88a000, 0x0000000100000000)
   the space 347368K,  99% used [0x00000000d5550000, 0x00000000ea6b3e98, 0x00000000ea6b4000, 0x00000000ea88a000)
 Metaspace       used 76327K, capacity 77602K, committed 78168K, reserved 1116160K
  class space    used 10432K, capacity 10655K, committed 10840K, reserved 1048576K
GC Heap History (10 events):
Event: 5999.959 GC heap after
Heap after GC invocations=443 (full 24):
 def new generation   total 139840K, used 0K [0x00000000c0000000, 0x00000000c97b0000, 0x00000000d5550000)
  eden space 124352K,   0% used [0x00000000c0000000, 0x00000000c0000000, 0x00000000c7970000)
  from space 15488K,   0% used [0x00000000c8890000, 0x00000000c8890000, 0x00000000c97b0000)
  to   space 15488K,   0% used [0x00000000c7970000, 0x00000000c7970000, 0x00000000c8890000)
 tenured generation   total 310492K, used 161152K [0x00000000d5550000, 0x00000000e8487000, 0x0000000100000000)
   the space 310492K,  51% used [0x00000000d5550000, 0x00000000df2b03b8, 0x00000000df2b0400, 0x00000000e8487000)
 Metaspace       used 76180K, capacity 77358K, committed 78168K, reserved 1116160K
  class space    used 10417K, capacity 10635K, committed 10840K, reserved 1048576K
}
Event: 6000.343 GC heap before
{Heap before GC invocations=443 (full 24):
 def new generation   total 139840K, used 123698K [0x00000000c0000000, 0x00000000c97b0000, 0x00000000d5550000)
  eden space 124352K,  99% used [0x00000000c0000000, 0x00000000c78cca18, 0x00000000c7970000)
  from space 15488K,   0% used [0x00000000c8890000, 0x00000000c8890000, 0x00000000c97b0000)
  to   space 15488K,   0% used [0x00000000c7970000, 0x00000000c7970000, 0x00000000c8890000)
 tenured generation   total 310492K, used 161152K [0x00000000d5550000, 0x00000000e8487000, 0x0000000100000000)
   the space 310492K,  51% used [0x00000000d5550000, 0x00000000df2b03b8, 0x00000000df2b0400, 0x00000000e8487000)
 Metaspace       used 76216K, capacity 77388K, committed 78168K, reserved 1116160K
  class space    used 10420K, capacity 10640K, committed 10840K, reserved 1048576K
Event: 6000.359 GC heap after
Heap after GC invocations=444 (full 24):
 def new generation   total 139840K, used 6995K [0x00000000c0000000, 0x00000000c97b0000, 0x00000000d5550000)
  eden space 124352K,   0% used [0x00000000c0000000, 0x00000000c0000000, 0x00000000c7970000)
  from space 15488K,  45% used [0x00000000c7970000, 0x00000000c8044ec0, 0x00000000c8890000)
  to   space 15488K,   0% used [0x00000000c8890000, 0x00000000c8890000, 0x00000000c97b0000)
 tenured generation   total 310492K, used 193920K [0x00000000d5550000, 0x00000000e8487000, 0x0000000100000000)
   the space 310492K,  62% used [0x00000000d5550000, 0x00000000e12b03d8, 0x00000000e12b0400, 0x00000000e8487000)
 Metaspace       used 76216K, capacity 77388K, committed 78168K, reserved 1116160K
  class space    used 10420K, capacity 10640K, committed 10840K, reserved 1048576K
}
Event: 6001.625 GC heap before
{Heap before GC invocations=444 (full 24):
 def new generation   total 139840K, used 131347K [0x00000000c0000000, 0x00000000c97b0000, 0x00000000d5550000)
  eden space 124352K, 100% used [0x00000000c0000000, 0x00000000c7970000, 0x00000000c7970000)
  from space 15488K,  45% used [0x00000000c7970000, 0x00000000c8044ec0, 0x00000000c8890000)
  to   space 15488K,   0% used [0x00000000c8890000, 0x00000000c8890000, 0x00000000c97b0000)
 tenured generation   total 310492K, used 193920K [0x00000000d5550000, 0x00000000e8487000, 0x0000000100000000)
   the space 310492K,  62% used [0x00000000d5550000, 0x00000000e12b03d8, 0x00000000e12b0400, 0x00000000e8487000)
 Metaspace       used 76218K, capacity 77388K, committed 78168K, reserved 1116160K
  class space    used 10420K, capacity 10640K, committed 10840K, reserved 1048576K
Event: 6001.648 GC heap after
Heap after GC invocations=445 (full 24):
 def new generation   total 139840K, used 6906K [0x00000000c0000000, 0x00000000c97b0000, 0x00000000d5550000)
  eden space 124352K,   0% used [0x00000000c0000000, 0x00000000c0000000, 0x00000000c7970000)
  from space 15488K,  44% used [0x00000000c8890000, 0x00000000c8f4ea60, 0x00000000c97b0000)
  to   space 15488K,   0% used [0x00000000c7970000, 0x00000000c7970000, 0x00000000c8890000)
 tenured generation   total 310492K, used 243073K [0x00000000d5550000, 0x00000000e8487000, 0x0000000100000000)
   the space 310492K,  78% used [0x00000000d5550000, 0x00000000e42b0408, 0x00000000e42b0600, 0x00000000e8487000)
 Metaspace       used 76218K, capacity 77388K, committed 78168K, reserved 1116160K
  class space    used 10420K, capacity 10640K, committed 10840K, reserved 1048576K
}
Event: 6001.773 GC heap before
{Heap before GC invocations=445 (full 24):
 def new generation   total 139840K, used 131256K [0x00000000c0000000, 0x00000000c97b0000, 0x00000000d5550000)
  eden space 124352K,  99% used [0x00000000c0000000, 0x00000000c796f640, 0x00000000c7970000)
  from space 15488K,  44% used [0x00000000c8890000, 0x00000000c8f4ea60, 0x00000000c97b0000)
  to   space 15488K,   0% used [0x00000000c7970000, 0x00000000c7970000, 0x00000000c8890000)
 tenured generation   total 310492K, used 243073K [0x00000000d5550000, 0x00000000e8487000, 0x0000000100000000)
   the space 310492K,  78% used [0x00000000d5550000, 0x00000000e42b0408, 0x00000000e42b0600, 0x00000000e8487000)
 Metaspace       used 76233K, capacity 77412K, committed 78168K, reserved 1116160K
  class space    used 10422K, capacity 10644K, committed 10840K, reserved 1048576K
Event: 6001.794 GC heap after
Heap after GC invocations=446 (full 24):
 def new generation   total 139840K, used 7741K [0x00000000c0000000, 0x00000000c97b0000, 0x00000000d5550000)
  eden space 124352K,   0% used [0x00000000c0000000, 0x00000000c0000000, 0x00000000c7970000)
  from space 15488K,  49% used [0x00000000c7970000, 0x00000000c80ff4d0, 0x00000000c8890000)
  to   space 15488K,   0% used [0x00000000c8890000, 0x00000000c8890000, 0x00000000c97b0000)
 tenured generation   total 310492K, used 292225K [0x00000000d5550000, 0x00000000e8487000, 0x0000000100000000)
   the space 310492K,  94% used [0x00000000d5550000, 0x00000000e72b0438, 0x00000000e72b0600, 0x00000000e8487000)
 Metaspace       used 76233K, capacity 77412K, committed 78168K, reserved 1116160K
  class space    used 10422K, capacity 10644K, committed 10840K, reserved 1048576K
}
Event: 6004.582 GC heap before
{Heap before GC invocations=446 (full 24):
 def new generation   total 139840K, used 121776K [0x00000000c0000000, 0x00000000c97b0000, 0x00000000d5550000)
  eden space 124352K,  91% used [0x00000000c0000000, 0x00000000c6f5cef0, 0x00000000c7970000)
  from space 15488K,  49% used [0x00000000c7970000, 0x00000000c80ff4d0, 0x00000000c8890000)
  to   space 15488K,   0% used [0x00000000c8890000, 0x00000000c8890000, 0x00000000c97b0000)
 tenured generation   total 310492K, used 292225K [0x00000000d5550000, 0x00000000e8487000, 0x0000000100000000)
   the space 310492K,  94% used [0x00000000d5550000, 0x00000000e72b0438, 0x00000000e72b0600, 0x00000000e8487000)
 Metaspace       used 76259K, capacity 77500K, committed 78168K, reserved 1116160K
  class space    used 10424K, capacity 10649K, committed 10840K, reserved 1048576K
Event: 6004.596 GC heap after
Heap after GC invocations=447 (full 24):
 def new generation   total 139840K, used 8777K [0x00000000c0000000, 0x00000000c97b0000, 0x00000000d5550000)
  eden space 124352K,   0% used [0x00000000c0000000, 0x00000000c0000000, 0x00000000c7970000)
  from space 15488K,  56% used [0x00000000c8890000, 0x00000000c91227b8, 0x00000000c97b0000)
  to   space 15488K,   0% used [0x00000000c7970000, 0x00000000c7970000, 0x00000000c8890000)
 tenured generation   total 310492K, used 308609K [0x00000000d5550000, 0x00000000e8487000, 0x0000000100000000)
   the space 310492K,  99% used [0x00000000d5550000, 0x00000000e82b0448, 0x00000000e82b0600, 0x00000000e8487000)
 Metaspace       used 76259K, capacity 77500K, committed 78168K, reserved 1116160K
  class space    used 10424K, capacity 10649K, committed 10840K, reserved 1048576K
}
Event: 6669.528 GC heap before
{Heap before GC invocations=447 (full 24):
 def new generation   total 139840K, used 136780K [0x00000000c0000000, 0x00000000c97b0000, 0x00000000d5550000)
  eden space 124352K,  99% used [0x00000000c0000000, 0x00000000c7900a78, 0x00000000c7970000)
  from space 15488K,  83% used [0x00000000c8890000, 0x00000000c95227c8, 0x00000000c97b0000)
  to   space 15488K,   0% used [0x00000000c7970000, 0x00000000c7970000, 0x00000000c8890000)
 tenured generation   total 310492K, used 308609K [0x00000000d5550000, 0x00000000e8487000, 0x0000000100000000)
   the space 310492K,  99% used [0x00000000d5550000, 0x00000000e82b0448, 0x00000000e82b0600, 0x00000000e8487000)
 Metaspace       used 76327K, capacity 77602K, committed 78168K, reserved 1116160K
  class space    used 10432K, capacity 10655K, committed 10840K, reserved 1048576K

