# JRE version: OpenJDK Runtime Environment (8.0_181-b13) (build 1.8.0_181-8u181-b13-0ubuntu0.16.04.1-b13)
# Java VM: OpenJDK 64-Bit Server VM (25.181-b13 mixed mode linux-amd64 compressed oops)
Heap:
 def new generation   total 156608K, used 148301K [0x00000000c0000000, 0x00000000ca9e0000, 0x00000000d5550000)
  eden space 139264K,  94% used [0x00000000c0000000, 0x00000000c7fe37c8, 0x00000000c8800000)
  from space 17344K,  99% used [0x00000000c8800000, 0x00000000c98efff8, 0x00000000c98f0000)
  to   space 17344K,  99% used [0x00000000c98f0000, 0x00000000ca9dfff8, 0x00000000ca9e0000)
 tenured generation   total 347776K, used 336426K [0x00000000d5550000, 0x00000000ea8f0000, 0x0000000100000000)
   the space 347776K,  96% used [0x00000000d5550000, 0x00000000e9dda880, 0x00000000e9ddaa00, 0x00000000ea8f0000)
 Metaspace       used 73520K, capacity 74490K, committed 75608K, reserved 1114112K
  class space    used 10062K, capacity 10297K, committed 10584K, reserved 1048576K
GC Heap History (10 events):
Event: 2671.562 GC heap after
Heap after GC invocations=346 (full 25):
 def new generation   total 156608K, used 2405K [0x00000000c0000000, 0x00000000ca9e0000, 0x00000000d5550000)
  eden space 139264K,   0% used [0x00000000c0000000, 0x00000000c0000000, 0x00000000c8800000)
  from space 17344K,  13% used [0x00000000c8800000, 0x00000000c8a59478, 0x00000000c98f0000)
  to   space 17344K,   0% used [0x00000000c98f0000, 0x00000000c98f0000, 0x00000000ca9e0000)
 tenured generation   total 347776K, used 154109K [0x00000000d5550000, 0x00000000ea8f0000, 0x0000000100000000)
   the space 347776K,  44% used [0x00000000d5550000, 0x00000000debcf548, 0x00000000debcf600, 0x00000000ea8f0000)
 Metaspace       used 73375K, capacity 74312K, committed 75608K, reserved 1114112K
  class space    used 10050K, capacity 10279K, committed 10584K, reserved 1048576K
}
Event: 2693.641 GC heap before
{Heap before GC invocations=346 (full 25):
 def new generation   total 156608K, used 141669K [0x00000000c0000000, 0x00000000ca9e0000, 0x00000000d5550000)
  eden space 139264K, 100% used [0x00000000c0000000, 0x00000000c8800000, 0x00000000c8800000)
  from space 17344K,  13% used [0x00000000c8800000, 0x00000000c8a59478, 0x00000000c98f0000)
  to   space 17344K,   0% used [0x00000000c98f0000, 0x00000000c98f0000, 0x00000000ca9e0000)
 tenured generation   total 347776K, used 154109K [0x00000000d5550000, 0x00000000ea8f0000, 0x0000000100000000)
   the space 347776K,  44% used [0x00000000d5550000, 0x00000000debcf548, 0x00000000debcf600, 0x00000000ea8f0000)
 Metaspace       used 73409K, capacity 74330K, committed 75608K, reserved 1114112K
  class space    used 10052K, capacity 10282K, committed 10584K, reserved 1048576K
Event: 2693.664 GC heap after
Heap after GC invocations=347 (full 25):
 def new generation   total 156608K, used 2882K [0x00000000c0000000, 0x00000000ca9e0000, 0x00000000d5550000)
  eden space 139264K,   0% used [0x00000000c0000000, 0x00000000c0000000, 0x00000000c8800000)
  from space 17344K,  16% used [0x00000000c98f0000, 0x00000000c9bc0ac0, 0x00000000ca9e0000)
  to   space 17344K,   0% used [0x00000000c8800000, 0x00000000c8800000, 0x00000000c98f0000)
 tenured generation   total 347776K, used 203261K [0x00000000d5550000, 0x00000000ea8f0000, 0x0000000100000000)
   the space 347776K,  58% used [0x00000000d5550000, 0x00000000e1bcf578, 0x00000000e1bcf600, 0x00000000ea8f0000)
 Metaspace       used 73409K, capacity 74330K, committed 75608K, reserved 1114112K
  class space    used 10052K, capacity 10282K, committed 10584K, reserved 1048576K
}
Event: 2772.834 GC heap before
{Heap before GC invocations=347 (full 25):
 def new generation   total 156608K, used 139686K [0x00000000c0000000, 0x00000000ca9e0000, 0x00000000d5550000)
  eden space 139264K,  98% used [0x00000000c0000000, 0x00000000c8598db0, 0x00000000c8800000)
  from space 17344K,  16% used [0x00000000c98f0000, 0x00000000c9bc0ac0, 0x00000000ca9e0000)
  to   space 17344K,   0% used [0x00000000c8800000, 0x00000000c8800000, 0x00000000c98f0000)
 tenured generation   total 347776K, used 203261K [0x00000000d5550000, 0x00000000ea8f0000, 0x0000000100000000)
   the space 347776K,  58% used [0x00000000d5550000, 0x00000000e1bcf578, 0x00000000e1bcf600, 0x00000000ea8f0000)
 Metaspace       used 73433K, capacity 74344K, committed 75608K, reserved 1114112K
  class space    used 10053K, capacity 10284K, committed 10584K, reserved 1048576K
Event: 2772.866 GC heap after
Heap after GC invocations=348 (full 25):
 def new generation   total 156608K, used 6559K [0x00000000c0000000, 0x00000000ca9e0000, 0x00000000d5550000)
  eden space 139264K,   0% used [0x00000000c0000000, 0x00000000c0000000, 0x00000000c8800000)
  from space 17344K,  37% used [0x00000000c8800000, 0x00000000c8e67eb8, 0x00000000c98f0000)
  to   space 17344K,   0% used [0x00000000c98f0000, 0x00000000c98f0000, 0x00000000ca9e0000)
 tenured generation   total 347776K, used 252413K [0x00000000d5550000, 0x00000000ea8f0000, 0x0000000100000000)
   the space 347776K,  72% used [0x00000000d5550000, 0x00000000e4bcf5a8, 0x00000000e4bcf600, 0x00000000ea8f0000)
 Metaspace       used 73433K, capacity 74344K, committed 75608K, reserved 1114112K
  class space    used 10053K, capacity 10284K, committed 10584K, reserved 1048576K
}
Event: 2791.772 GC heap before
{Heap before GC invocations=348 (full 25):
 def new generation   total 156608K, used 145823K [0x00000000c0000000, 0x00000000ca9e0000, 0x00000000d5550000)
  eden space 139264K, 100% used [0x00000000c0000000, 0x00000000c8800000, 0x00000000c8800000)
  from space 17344K,  37% used [0x00000000c8800000, 0x00000000c8e67eb8, 0x00000000c98f0000)
  to   space 17344K,   0% used [0x00000000c98f0000, 0x00000000c98f0000, 0x00000000ca9e0000)
 tenured generation   total 347776K, used 252413K [0x00000000d5550000, 0x00000000ea8f0000, 0x0000000100000000)
   the space 347776K,  72% used [0x00000000d5550000, 0x00000000e4bcf5a8, 0x00000000e4bcf600, 0x00000000ea8f0000)
 Metaspace       used 73473K, capacity 74376K, committed 75608K, reserved 1114112K
  class space    used 10056K, capacity 10289K, committed 10584K, reserved 1048576K
Event: 2791.793 GC heap after
Heap after GC invocations=349 (full 25):
 def new generation   total 156608K, used 2588K [0x00000000c0000000, 0x00000000ca9e0000, 0x00000000d5550000)
  eden space 139264K,   0% used [0x00000000c0000000, 0x00000000c0000000, 0x00000000c8800000)
  from space 17344K,  14% used [0x00000000c98f0000, 0x00000000c9b771c8, 0x00000000ca9e0000)
  to   space 17344K,   0% used [0x00000000c8800000, 0x00000000c8800000, 0x00000000c98f0000)
 tenured generation   total 347776K, used 301565K [0x00000000d5550000, 0x00000000ea8f0000, 0x0000000100000000)
   the space 347776K,  86% used [0x00000000d5550000, 0x00000000e7bcf5d8, 0x00000000e7bcf600, 0x00000000ea8f0000)
 Metaspace       used 73473K, capacity 74376K, committed 75608K, reserved 1114112K
  class space    used 10056K, capacity 10289K, committed 10584K, reserved 1048576K
}
Event: 2792.086 GC heap before
{Heap before GC invocations=349 (full 25):
 def new generation   total 156608K, used 141036K [0x00000000c0000000, 0x00000000ca9e0000, 0x00000000d5550000)
  eden space 139264K,  99% used [0x00000000c0000000, 0x00000000c8733ee8, 0x00000000c8800000)
  from space 17344K,  14% used [0x00000000c98f0000, 0x00000000c9b771c8, 0x00000000ca9e0000)
  to   space 17344K,   0% used [0x00000000c8800000, 0x00000000c8800000, 0x00000000c98f0000)
 tenured generation   total 347776K, used 301565K [0x00000000d5550000, 0x00000000ea8f0000, 0x0000000100000000)
   the space 347776K,  86% used [0x00000000d5550000, 0x00000000e7bcf5d8, 0x00000000e7bcf600, 0x00000000ea8f0000)
 Metaspace       used 73489K, capacity 74464K, committed 75608K, reserved 1114112K
  class space    used 10058K, capacity 10294K, committed 10584K, reserved 1048576K
Event: 2792.131 GC heap after
Heap after GC invocations=350 (full 25):
 def new generation   total 156608K, used 17343K [0x00000000c0000000, 0x00000000ca9e0000, 0x00000000d5550000)
  eden space 139264K,   0% used [0x00000000c0000000, 0x00000000c0000000, 0x00000000c8800000)
  from space 17344K,  99% used [0x00000000c8800000, 0x00000000c98efff8, 0x00000000c98f0000)
  to   space 17344K,   0% used [0x00000000c98f0000, 0x00000000c98f0000, 0x00000000ca9e0000)
 tenured generation   total 347776K, used 336161K [0x00000000d5550000, 0x00000000ea8f0000, 0x0000000100000000)
   the space 347776K,  96% used [0x00000000d5550000, 0x00000000e9d98450, 0x00000000e9d98600, 0x00000000ea8f0000)
 Metaspace       used 73489K, capacity 74464K, committed 75608K, reserved 1114112K
  class space    used 10058K, capacity 10294K, committed 10584K, reserved 1048576K
}
Event: 2875.633 GC heap before
{Heap before GC invocations=350 (full 25):
 def new generation   total 156608K, used 148301K [0x00000000c0000000, 0x00000000ca9e0000, 0x00000000d5550000)
  eden space 139264K,  94% used [0x00000000c0000000, 0x00000000c7fe37c8, 0x00000000c8800000)
  from space 17344K,  99% used [0x00000000c8800000, 0x00000000c98efff8, 0x00000000c98f0000)
  to   space 17344K,   0% used [0x00000000c98f0000, 0x00000000c98f0000, 0x00000000ca9e0000)
 tenured generation   total 347776K, used 336161K [0x00000000d5550000, 0x00000000ea8f0000, 0x0000000100000000)
   the space 347776K,  96% used [0x00000000d5550000, 0x00000000e9d98450, 0x00000000e9d98600, 0x00000000ea8f0000)
 Metaspace       used 73520K, capacity 74490K, committed 75608K, reserved 1114112K
  class space    used 10062K, capacity 10297K, committed 10584K, reserved 1048576K

