# JRE version: OpenJDK Runtime Environment (8.0_181-b13) (build 1.8.0_181-8u181-b13-0ubuntu0.16.04.1-b13)
# Java VM: OpenJDK 64-Bit Server VM (25.181-b13 mixed mode linux-amd64 compressed oops)
Heap:
 def new generation   total 95552K, used 0K [0x00000000c0000000, 0x00000000c67a0000, 0x00000000d5550000)
  eden space 84992K,   0% used [0x00000000c0000000, 0x00000000c0000000, 0x00000000c5300000)
  from space 10560K,   0% used [0x00000000c5d50000, 0x00000000c5d50000, 0x00000000c67a0000)
  to   space 10560K,   0% used [0x00000000c5300000, 0x00000000c5300000, 0x00000000c5d50000)
 tenured generation   total 261268K, used 193523K [0x00000000d5550000, 0x00000000e5475000, 0x0000000100000000)
   the space 261268K,  74% used [0x00000000d5550000, 0x00000000e124ce78, 0x00000000e124d000, 0x00000000e5475000)
 Metaspace       used 71057K, capacity 72044K, committed 72280K, reserved 1112064K
  class space    used 9987K, capacity 10215K, committed 10328K, reserved 1048576K
GC Heap History (10 events):
Event: 182.890 GC heap after
Heap after GC invocations=258 (full 10):
 def new generation   total 95552K, used 0K [0x00000000c0000000, 0x00000000c67a0000, 0x00000000d5550000)
  eden space 84992K,   0% used [0x00000000c0000000, 0x00000000c0000000, 0x00000000c5300000)
  from space 10560K,   0% used [0x00000000c5300000, 0x00000000c5300000, 0x00000000c5d50000)
  to   space 10560K,   0% used [0x00000000c5d50000, 0x00000000c5d50000, 0x00000000c67a0000)
 tenured generation   total 212104K, used 127262K [0x00000000d5550000, 0x00000000e2472000, 0x0000000100000000)
   the space 212104K,  59% used [0x00000000d5550000, 0x00000000dd1978e0, 0x00000000dd197a00, 0x00000000e2472000)
 Metaspace       used 70684K, capacity 71586K, committed 72024K, reserved 1112064K
  class space    used 9962K, capacity 10178K, committed 10328K, reserved 1048576K
}
Event: 183.275 GC heap before
{Heap before GC invocations=258 (full 10):
 def new generation   total 95552K, used 83518K [0x00000000c0000000, 0x00000000c67a0000, 0x00000000d5550000)
  eden space 84992K,  98% used [0x00000000c0000000, 0x00000000c518fac8, 0x00000000c5300000)
  from space 10560K,   0% used [0x00000000c5300000, 0x00000000c5300000, 0x00000000c5d50000)
  to   space 10560K,   0% used [0x00000000c5d50000, 0x00000000c5d50000, 0x00000000c67a0000)
 tenured generation   total 212104K, used 127262K [0x00000000d5550000, 0x00000000e2472000, 0x0000000100000000)
   the space 212104K,  59% used [0x00000000d5550000, 0x00000000dd1978e0, 0x00000000dd197a00, 0x00000000e2472000)
 Metaspace       used 70788K, capacity 71748K, committed 72024K, reserved 1112064K
  class space    used 9965K, capacity 10183K, committed 10328K, reserved 1048576K
Event: 183.290 GC heap after
Heap after GC invocations=259 (full 10):
 def new generation   total 95552K, used 6819K [0x00000000c0000000, 0x00000000c67a0000, 0x00000000d5550000)
  eden space 84992K,   0% used [0x00000000c0000000, 0x00000000c0000000, 0x00000000c5300000)
  from space 10560K,  64% used [0x00000000c5d50000, 0x00000000c63f8e48, 0x00000000c67a0000)
  to   space 10560K,   0% used [0x00000000c5300000, 0x00000000c5300000, 0x00000000c5d50000)
 tenured generation   total 212104K, used 143646K [0x00000000d5550000, 0x00000000e2472000, 0x0000000100000000)
   the space 212104K,  67% used [0x00000000d5550000, 0x00000000de1978f0, 0x00000000de197a00, 0x00000000e2472000)
 Metaspace       used 70788K, capacity 71748K, committed 72024K, reserved 1112064K
  class space    used 9965K, capacity 10183K, committed 10328K, reserved 1048576K
}
Event: 183.404 GC heap before
{Heap before GC invocations=259 (full 10):
 def new generation   total 95552K, used 91794K [0x00000000c0000000, 0x00000000c67a0000, 0x00000000d5550000)
  eden space 84992K,  99% used [0x00000000c0000000, 0x00000000c52fbc00, 0x00000000c5300000)
  from space 10560K,  64% used [0x00000000c5d50000, 0x00000000c63f8e48, 0x00000000c67a0000)
  to   space 10560K,   0% used [0x00000000c5300000, 0x00000000c5300000, 0x00000000c5d50000)
 tenured generation   total 212104K, used 143646K [0x00000000d5550000, 0x00000000e2472000, 0x0000000100000000)
   the space 212104K,  67% used [0x00000000d5550000, 0x00000000de1978f0, 0x00000000de197a00, 0x00000000e2472000)
 Metaspace       used 70820K, capacity 71778K, committed 72024K, reserved 1112064K
  class space    used 9968K, capacity 10189K, committed 10328K, reserved 1048576K
Event: 183.419 GC heap after
Heap after GC invocations=260 (full 10):
 def new generation   total 95552K, used 1189K [0x00000000c0000000, 0x00000000c67a0000, 0x00000000d5550000)
  eden space 84992K,   0% used [0x00000000c0000000, 0x00000000c0000000, 0x00000000c5300000)
  from space 10560K,  11% used [0x00000000c5300000, 0x00000000c54294a0, 0x00000000c5d50000)
  to   space 10560K,   0% used [0x00000000c5d50000, 0x00000000c5d50000, 0x00000000c67a0000)
 tenured generation   total 212104K, used 178457K [0x00000000d5550000, 0x00000000e2472000, 0x0000000100000000)
   the space 212104K,  84% used [0x00000000d5550000, 0x00000000e03965f0, 0x00000000e0396600, 0x00000000e2472000)
 Metaspace       used 70820K, capacity 71778K, committed 72024K, reserved 1112064K
  class space    used 9968K, capacity 10189K, committed 10328K, reserved 1048576K
}
Event: 183.578 GC heap before
{Heap before GC invocations=260 (full 10):
 def new generation   total 95552K, used 82408K [0x00000000c0000000, 0x00000000c67a0000, 0x00000000d5550000)
  eden space 84992K,  95% used [0x00000000c0000000, 0x00000000c4f50dd8, 0x00000000c5300000)
  from space 10560K,  11% used [0x00000000c5300000, 0x00000000c54294a0, 0x00000000c5d50000)
  to   space 10560K,   0% used [0x00000000c5d50000, 0x00000000c5d50000, 0x00000000c67a0000)
 tenured generation   total 212104K, used 178457K [0x00000000d5550000, 0x00000000e2472000, 0x0000000100000000)
   the space 212104K,  84% used [0x00000000d5550000, 0x00000000e03965f0, 0x00000000e0396600, 0x00000000e2472000)
 Metaspace       used 70854K, capacity 71804K, committed 72024K, reserved 1112064K
  class space    used 9972K, capacity 10195K, committed 10328K, reserved 1048576K
Event: 183.599 GC heap after
Heap after GC invocations=261 (full 10):
 def new generation   total 95552K, used 2353K [0x00000000c0000000, 0x00000000c67a0000, 0x00000000d5550000)
  eden space 84992K,   0% used [0x00000000c0000000, 0x00000000c0000000, 0x00000000c5300000)
  from space 10560K,  22% used [0x00000000c5d50000, 0x00000000c5f9c4a8, 0x00000000c67a0000)
  to   space 10560K,   0% used [0x00000000c5300000, 0x00000000c5300000, 0x00000000c5d50000)
 tenured generation   total 212104K, used 211225K [0x00000000d5550000, 0x00000000e2472000, 0x0000000100000000)
   the space 212104K,  99% used [0x00000000d5550000, 0x00000000e2396610, 0x00000000e2396800, 0x00000000e2472000)
 Metaspace       used 70854K, capacity 71804K, committed 72024K, reserved 1112064K
  class space    used 9972K, capacity 10195K, committed 10328K, reserved 1048576K
}
Event: 193.188 GC heap before
{Heap before GC invocations=261 (full 10):
 def new generation   total 95552K, used 84594K [0x00000000c0000000, 0x00000000c67a0000, 0x00000000d5550000)
  eden space 84992K,  96% used [0x00000000c0000000, 0x00000000c5050450, 0x00000000c5300000)
  from space 10560K,  22% used [0x00000000c5d50000, 0x00000000c5f9c4a8, 0x00000000c67a0000)
  to   space 10560K,   0% used [0x00000000c5300000, 0x00000000c5300000, 0x00000000c5d50000)
 tenured generation   total 212104K, used 211225K [0x00000000d5550000, 0x00000000e2472000, 0x0000000100000000)
   the space 212104K,  99% used [0x00000000d5550000, 0x00000000e2396610, 0x00000000e2396800, 0x00000000e2472000)
 Metaspace       used 71028K, capacity 72020K, committed 72280K, reserved 1112064K
  class space    used 9985K, capacity 10211K, committed 10328K, reserved 1048576K
Event: 193.195 GC heap after
Heap after GC invocations=262 (full 10):
 def new generation   total 95552K, used 4318K [0x00000000c0000000, 0x00000000c67a0000, 0x00000000d5550000)
  eden space 84992K,   0% used [0x00000000c0000000, 0x00000000c0000000, 0x00000000c5300000)
  from space 10560K,  40% used [0x00000000c5300000, 0x00000000c5737b48, 0x00000000c5d50000)
  to   space 10560K,   0% used [0x00000000c5d50000, 0x00000000c5d50000, 0x00000000c67a0000)
 tenured generation   total 212104K, used 211225K [0x00000000d5550000, 0x00000000e2472000, 0x0000000100000000)
   the space 212104K,  99% used [0x00000000d5550000, 0x00000000e2396610, 0x00000000e2396800, 0x00000000e2472000)
 Metaspace       used 71028K, capacity 72020K, committed 72280K, reserved 1112064K
  class space    used 9985K, capacity 10211K, committed 10328K, reserved 1048576K
}
Event: 193.352 GC heap before
{Heap before GC invocations=262 (full 10):
 def new generation   total 95552K, used 89310K [0x00000000c0000000, 0x00000000c67a0000, 0x00000000d5550000)
  eden space 84992K, 100% used [0x00000000c0000000, 0x00000000c5300000, 0x00000000c5300000)
  from space 10560K,  40% used [0x00000000c5300000, 0x00000000c5737b48, 0x00000000c5d50000)
  to   space 10560K,   0% used [0x00000000c5d50000, 0x00000000c5d50000, 0x00000000c67a0000)
 tenured generation   total 212104K, used 211225K [0x00000000d5550000, 0x00000000e2472000, 0x0000000100000000)
   the space 212104K,  99% used [0x00000000d5550000, 0x00000000e2396610, 0x00000000e2396800, 0x00000000e2472000)
 Metaspace       used 71057K, capacity 72044K, committed 72280K, reserved 1112064K
  class space    used 9987K, capacity 10215K, committed 10328K, reserved 1048576K

