# JRE version: OpenJDK Runtime Environment (8.0_181-b13) (build 1.8.0_181-8u181-b13-0ubuntu0.16.04.1-b13)
# Java VM: OpenJDK 64-Bit Server VM (25.181-b13 mixed mode linux-amd64 compressed oops)
Heap:
 def new generation   total 149184K, used 148420K [0x00000000c0000000, 0x00000000ca1d0000, 0x00000000d5550000)
  eden space 132672K, 100% used [0x00000000c0000000, 0x00000000c8190000, 0x00000000c8190000)
  from space 16512K,  95% used [0x00000000c8190000, 0x00000000c90f11f0, 0x00000000c91b0000)
  to   space 16512K,   2% used [0x00000000c91b0000, 0x00000000c920f208, 0x00000000ca1d0000)
 tenured generation   total 380432K, used 370937K [0x00000000d5550000, 0x00000000ec8d4000, 0x0000000100000000)
   the space 380432K,  97% used [0x00000000d5550000, 0x00000000ebf8e510, 0x00000000ebf8e600, 0x00000000ec8d4000)
 Metaspace       used 72079K, capacity 73088K, committed 73432K, reserved 1112064K
  class space    used 10077K, capacity 10325K, committed 10456K, reserved 1048576K
GC Heap History (10 events):
Event: 348.504 GC heap after
Heap after GC invocations=269 (full 11):
 def new generation   total 149184K, used 1698K [0x00000000c0000000, 0x00000000ca1d0000, 0x00000000d5550000)
  eden space 132672K,   1% used [0x00000000c0000000, 0x00000000c01a8848, 0x00000000c8190000)
  from space 16512K,   0% used [0x00000000c8190000, 0x00000000c8190000, 0x00000000c91b0000)
  to   space 16512K,   0% used [0x00000000c91b0000, 0x00000000c91b0000, 0x00000000ca1d0000)
 tenured generation   total 331268K, used 198758K [0x00000000d5550000, 0x00000000e98d1000, 0x0000000100000000)
   the space 331268K,  59% used [0x00000000d5550000, 0x00000000e1769b10, 0x00000000e1769c00, 0x00000000e98d1000)
 Metaspace       used 71687K, capacity 72672K, committed 72920K, reserved 1112064K
  class space    used 10067K, capacity 10311K, committed 10456K, reserved 1048576K
}
Event: 370.971 GC heap before
{Heap before GC invocations=269 (full 11):
 def new generation   total 149184K, used 132672K [0x00000000c0000000, 0x00000000ca1d0000, 0x00000000d5550000)
  eden space 132672K, 100% used [0x00000000c0000000, 0x00000000c8190000, 0x00000000c8190000)
  from space 16512K,   0% used [0x00000000c8190000, 0x00000000c8190000, 0x00000000c91b0000)
  to   space 16512K,   0% used [0x00000000c91b0000, 0x00000000c91b0000, 0x00000000ca1d0000)
 tenured generation   total 331268K, used 198758K [0x00000000d5550000, 0x00000000e98d1000, 0x0000000100000000)
   the space 331268K,  59% used [0x00000000d5550000, 0x00000000e1769b10, 0x00000000e1769c00, 0x00000000e98d1000)
 Metaspace       used 71800K, capacity 72762K, committed 73176K, reserved 1112064K
  class space    used 10069K, capacity 10314K, committed 10456K, reserved 1048576K
Event: 371.047 GC heap after
Heap after GC invocations=270 (full 11):
 def new generation   total 149184K, used 14015K [0x00000000c0000000, 0x00000000ca1d0000, 0x00000000d5550000)
  eden space 132672K,   0% used [0x00000000c0000000, 0x00000000c0000000, 0x00000000c8190000)
  from space 16512K,  84% used [0x00000000c91b0000, 0x00000000c9f5fe30, 0x00000000ca1d0000)
  to   space 16512K,   0% used [0x00000000c8190000, 0x00000000c8190000, 0x00000000c91b0000)
 tenured generation   total 331268K, used 215142K [0x00000000d5550000, 0x00000000e98d1000, 0x0000000100000000)
   the space 331268K,  64% used [0x00000000d5550000, 0x00000000e2769b20, 0x00000000e2769c00, 0x00000000e98d1000)
 Metaspace       used 71800K, capacity 72762K, committed 73176K, reserved 1112064K
  class space    used 10069K, capacity 10314K, committed 10456K, reserved 1048576K
}
Event: 371.239 GC heap before
{Heap before GC invocations=270 (full 11):
 def new generation   total 149184K, used 146687K [0x00000000c0000000, 0x00000000ca1d0000, 0x00000000d5550000)
  eden space 132672K, 100% used [0x00000000c0000000, 0x00000000c8190000, 0x00000000c8190000)
  from space 16512K,  84% used [0x00000000c91b0000, 0x00000000c9f5fe30, 0x00000000ca1d0000)
  to   space 16512K,   0% used [0x00000000c8190000, 0x00000000c8190000, 0x00000000c91b0000)
 tenured generation   total 331268K, used 215142K [0x00000000d5550000, 0x00000000e98d1000, 0x0000000100000000)
   the space 331268K,  64% used [0x00000000d5550000, 0x00000000e2769b20, 0x00000000e2769c00, 0x00000000e98d1000)
 Metaspace       used 71857K, capacity 72912K, committed 73176K, reserved 1112064K
  class space    used 10070K, capacity 10317K, committed 10456K, reserved 1048576K
Event: 371.456 GC heap after
Heap after GC invocations=271 (full 11):
 def new generation   total 149184K, used 1314K [0x00000000c0000000, 0x00000000ca1d0000, 0x00000000d5550000)
  eden space 132672K,   0% used [0x00000000c0000000, 0x00000000c0000000, 0x00000000c8190000)
  from space 16512K,   7% used [0x00000000c8190000, 0x00000000c82d8a40, 0x00000000c91b0000)
  to   space 16512K,   0% used [0x00000000c91b0000, 0x00000000c91b0000, 0x00000000ca1d0000)
 tenured generation   total 331268K, used 288983K [0x00000000d5550000, 0x00000000e98d1000, 0x0000000100000000)
   the space 331268K,  87% used [0x00000000d5550000, 0x00000000e6f85d68, 0x00000000e6f85e00, 0x00000000e98d1000)
 Metaspace       used 71857K, capacity 72912K, committed 73176K, reserved 1112064K
  class space    used 10070K, capacity 10317K, committed 10456K, reserved 1048576K
}
Event: 573.300 GC heap before
{Heap before GC invocations=271 (full 11):
 def new generation   total 149184K, used 131705K [0x00000000c0000000, 0x00000000ca1d0000, 0x00000000d5550000)
  eden space 132672K,  98% used [0x00000000c0000000, 0x00000000c7f55cc0, 0x00000000c8190000)
  from space 16512K,   7% used [0x00000000c8190000, 0x00000000c82d8a40, 0x00000000c91b0000)
  to   space 16512K,   0% used [0x00000000c91b0000, 0x00000000c91b0000, 0x00000000ca1d0000)
 tenured generation   total 331268K, used 288983K [0x00000000d5550000, 0x00000000e98d1000, 0x0000000100000000)
   the space 331268K,  87% used [0x00000000d5550000, 0x00000000e6f85d68, 0x00000000e6f85e00, 0x00000000e98d1000)
 Metaspace       used 71958K, capacity 73000K, committed 73176K, reserved 1112064K
  class space    used 10075K, capacity 10321K, committed 10456K, reserved 1048576K
Event: 573.363 GC heap after
Heap after GC invocations=272 (full 11):
 def new generation   total 149184K, used 3093K [0x00000000c0000000, 0x00000000ca1d0000, 0x00000000d5550000)
  eden space 132672K,   0% used [0x00000000c0000000, 0x00000000c0000000, 0x00000000c8190000)
  from space 16512K,  18% used [0x00000000c91b0000, 0x00000000c94b56d0, 0x00000000ca1d0000)
  to   space 16512K,   0% used [0x00000000c8190000, 0x00000000c8190000, 0x00000000c91b0000)
 tenured generation   total 331268K, used 321751K [0x00000000d5550000, 0x00000000e98d1000, 0x0000000100000000)
   the space 331268K,  97% used [0x00000000d5550000, 0x00000000e8f85d88, 0x00000000e8f85e00, 0x00000000e98d1000)
 Metaspace       used 71958K, capacity 73000K, committed 73176K, reserved 1112064K
  class space    used 10075K, capacity 10321K, committed 10456K, reserved 1048576K
}
Event: 639.641 GC heap before
{Heap before GC invocations=272 (full 11):
 def new generation   total 149184K, used 139640K [0x00000000c0000000, 0x00000000ca1d0000, 0x00000000d5550000)
  eden space 132672K,  99% used [0x00000000c0000000, 0x00000000c81589c8, 0x00000000c8190000)
  from space 16512K,  43% used [0x00000000c91b0000, 0x00000000c98b56e0, 0x00000000ca1d0000)
  to   space 16512K,   0% used [0x00000000c8190000, 0x00000000c8190000, 0x00000000c91b0000)
 tenured generation   total 331268K, used 321751K [0x00000000d5550000, 0x00000000e98d1000, 0x0000000100000000)
   the space 331268K,  97% used [0x00000000d5550000, 0x00000000e8f85d88, 0x00000000e8f85e00, 0x00000000e98d1000)
 Metaspace       used 72055K, capacity 73064K, committed 73432K, reserved 1112064K
  class space    used 10075K, capacity 10321K, committed 10456K, reserved 1048576K
Event: 639.718 GC heap after
Heap after GC invocations=273 (full 11):
 def new generation   total 149184K, used 15748K [0x00000000c0000000, 0x00000000ca1d0000, 0x00000000d5550000)
  eden space 132672K,   0% used [0x00000000c0000000, 0x00000000c0000000, 0x00000000c8190000)
  from space 16512K,  95% used [0x00000000c8190000, 0x00000000c90f11f0, 0x00000000c91b0000)
  to   space 16512K,   0% used [0x00000000c91b0000, 0x00000000c91b0000, 0x00000000ca1d0000)
 tenured generation   total 364044K, used 354519K [0x00000000d5550000, 0x00000000eb8d3000, 0x0000000100000000)
   the space 364044K,  97% used [0x00000000d5550000, 0x00000000eaf85da8, 0x00000000eaf85e00, 0x00000000eb8d3000)
 Metaspace       used 72055K, capacity 73064K, committed 73432K, reserved 1112064K
  class space    used 10075K, capacity 10321K, committed 10456K, reserved 1048576K
}
Event: 640.024 GC heap before
{Heap before GC invocations=273 (full 11):
 def new generation   total 149184K, used 148420K [0x00000000c0000000, 0x00000000ca1d0000, 0x00000000d5550000)
  eden space 132672K, 100% used [0x00000000c0000000, 0x00000000c8190000, 0x00000000c8190000)
  from space 16512K,  95% used [0x00000000c8190000, 0x00000000c90f11f0, 0x00000000c91b0000)
  to   space 16512K,   0% used [0x00000000c91b0000, 0x00000000c91b0000, 0x00000000ca1d0000)
 tenured generation   total 364044K, used 354519K [0x00000000d5550000, 0x00000000eb8d3000, 0x0000000100000000)
   the space 364044K,  97% used [0x00000000d5550000, 0x00000000eaf85da8, 0x00000000eaf85e00, 0x00000000eb8d3000)
 Metaspace       used 72079K, capacity 73088K, committed 73432K, reserved 1112064K
  class space    used 10077K, capacity 10325K, committed 10456K, reserved 1048576K

